INFO:root:Started
INFO:root:Started
INFO:root:Some properties in config file are empty. Exiting.
INFO:root:Started
INFO:root:Started
INFO:root:Started
INFO:root:eth0 is not up. Check using ifconfig. Exiting.
INFO:root:Started
INFO:root:eth0 is not up. Check using ifconfig. Exiting.
INFO:root:Started
INFO:root:eth0 is not up. Check using ifconfig. Exiting.
INFO:root:Started
INFO:root:eth0 is not up. Check using ifconfig. Exiting.
INFO:root:Started
INFO:root:eth0 is not up. Check using ifconfig. Exiting.
INFO:root:Started
INFO:root:helloeth0 is not up. Check using ifconfig. Exiting.
INFO:root:Started
INFO:root:eth0 is not up. Check using ifconfig. Exiting.
INFO:root:Started
INFO:root:eth0 is not up. Check using ifconfig. Exiting.
INFO:root:Started
INFO:root:eth0 is not up. Check using ifconfig. Exiting.
INFO:root:Started
INFO:root:eth0 is not up. Check using ifconfig. Exiting.
INFO:root:Started
INFO:root:eth0 is not up. Check using ifconfig. Exiting.
INFO:root:Started
INFO:root:eth0 is not up. Check using ifconfig. Exiting.
INFO:root:Started
INFO:root:Started
INFO:root:Finished
INFO:root:Started
INFO:root:Finished
INFO:root:Started
INFO:root:Started
INFO:root:Finished
INFO:root:Started
INFO:root:Finished
INFO:root:Started
INFO:root:Finished
INFO:root:Started
INFO:root:Finished
INFO:root:Started
INFO:root:Finished
INFO:root:Started
INFO:root:Finished
INFO:root:Started
INFO:root:Finished
INFO:root:Started
INFO:root:Started
INFO:root:Started
INFO:root:Finished
INFO:root:Started
INFO:root:Finished
